2023-01-23 10:50:15,509 [Worker-5: Loading available Gradle versions] INFO  o.e.b.c.i.u.g.PublishedGradleVersions - Gradle version information cache is out-of-date. Trying to update.
2023-01-23 13:07:38,445 [Worker-6: Loading available Gradle versions] INFO  o.e.b.c.i.u.g.PublishedGradleVersions - Gradle version information cache is up-to-date. Trying to read.
2023-01-25 09:51:14,706 [Worker-84: Creating springboot-rest-api] INFO  o.e.m.c.i.p.ProjectConfigurationManager - Collecting project info '/pom.xml' H:\WORKSPACE002\treino-jdev\pom.xml
2023-01-25 09:51:20,187 [Worker-84: Creating springboot-rest-api] INFO  o.e.m.c.i.l.LifecycleMappingFactory - Using org.eclipse.m2e.jdt.JarLifecycleMapping lifecycle mapping for MavenProject: com.hackerrank.projects:springboot-rest-api-sample:1.0.0-SNAPSHOT @ H:\WORKSPACE002\springboot-rest-api-sample\pom.xml.
2023-01-25 09:51:24,409 [Worker-84: Creating springboot-rest-api] INFO  o.e.m.j.i.AbstractJavaProjectConfigurator - Adding source folder /springboot-rest-api-sample/src/main/java
2023-01-25 09:51:24,410 [Worker-84: Creating springboot-rest-api] INFO  o.e.m.j.i.AbstractJavaProjectConfigurator - Adding resource folder /springboot-rest-api-sample/src/main/resources
2023-01-25 09:51:24,417 [Worker-84: Creating springboot-rest-api] INFO  o.e.m.j.i.AbstractJavaProjectConfigurator - Adding source folder /springboot-rest-api-sample/src/test/java
2023-01-25 09:51:32,045 [Worker-84: Creating springboot-rest-api] INFO  o.e.m.c.i.p.ProjectConfigurationManager - Imported and configured 1 project(s) in 17 sec
2023-01-25 09:51:34,126 [Worker-87: Building] INFO  o.e.m.c.i.embedder.EclipseLogger - Using 'UTF-8' encoding to copy filtered resources.
2023-01-25 09:51:34,130 [Worker-87: Building] INFO  o.e.m.c.i.embedder.EclipseLogger - Copying 1 resource
2023-01-25 09:51:34,142 [Worker-87: Building] INFO  o.e.m.c.i.embedder.EclipseLogger - Using 'UTF-8' encoding to copy filtered resources.
2023-01-25 09:51:34,143 [Worker-87: Building] INFO  o.e.m.c.i.embedder.EclipseLogger - skip non existing resourceDirectory H:\WORKSPACE002\springboot-rest-api-sample\src\test\resources
2023-01-25 09:53:23,785 [Worker-89: Building] INFO  o.e.m.c.i.embedder.EclipseLogger - Using 'UTF-8' encoding to copy filtered resources.
2023-01-25 09:53:23,787 [Worker-89: Building] INFO  o.e.m.c.i.embedder.EclipseLogger - Copying 0 resource
2023-01-25 09:53:23,788 [Worker-89: Building] INFO  o.e.m.c.i.embedder.EclipseLogger - Using 'UTF-8' encoding to copy filtered resources.
2023-01-25 09:53:23,789 [Worker-89: Building] INFO  o.e.m.c.i.embedder.EclipseLogger - skip non existing resourceDirectory H:\WORKSPACE002\springboot-rest-api-sample\src\test\resources
2023-01-25 10:12:12,606 [Worker-94: Building] INFO  o.e.m.c.i.l.LifecycleMappingFactory - Using org.eclipse.m2e.jdt.JarLifecycleMapping lifecycle mapping for MavenProject: com.hackerrank.projects:springboot-rest-api-sample:1.0.0-SNAPSHOT @ H:\WORKSPACE002\springboot-rest-api-sample\pom.xml.
2023-01-25 10:12:13,287 [Worker-94: Building] INFO  o.e.m.c.i.embedder.EclipseLogger - Using 'UTF-8' encoding to copy filtered resources.
2023-01-25 10:12:13,289 [Worker-94: Building] INFO  o.e.m.c.i.embedder.EclipseLogger - Copying 0 resource
2023-01-25 10:12:13,292 [Worker-94: Building] INFO  o.e.m.c.i.embedder.EclipseLogger - Using 'UTF-8' encoding to copy filtered resources.
2023-01-25 10:12:13,292 [Worker-94: Building] INFO  o.e.m.c.i.embedder.EclipseLogger - skip non existing resourceDirectory H:\WORKSPACE002\springboot-rest-api-sample\src\test\resources
2023-01-25 10:12:15,361 [Worker-98: Building] INFO  o.e.m.c.i.embedder.EclipseLogger - Using 'UTF-8' encoding to copy filtered resources.
2023-01-25 10:12:15,364 [Worker-98: Building] INFO  o.e.m.c.i.embedder.EclipseLogger - Copying 1 resource
2023-01-25 10:12:15,375 [Worker-98: Building] INFO  o.e.m.c.i.embedder.EclipseLogger - Using 'UTF-8' encoding to copy filtered resources.
2023-01-25 10:12:15,376 [Worker-98: Building] INFO  o.e.m.c.i.embedder.EclipseLogger - skip non existing resourceDirectory H:\WORKSPACE002\springboot-rest-api-sample\src\test\resources
2023-01-25 10:18:28,241 [Worker-101: Building] INFO  o.e.m.c.i.embedder.EclipseLogger - Using 'UTF-8' encoding to copy filtered resources.
2023-01-25 10:18:28,243 [Worker-101: Building] INFO  o.e.m.c.i.embedder.EclipseLogger - Copying 1 resource
2023-01-25 10:18:28,247 [Worker-101: Building] INFO  o.e.m.c.i.embedder.EclipseLogger - Using 'UTF-8' encoding to copy filtered resources.
2023-01-25 10:18:28,247 [Worker-101: Building] INFO  o.e.m.c.i.embedder.EclipseLogger - skip non existing resourceDirectory H:\WORKSPACE002\springboot-rest-api-sample\src\test\resources
2023-01-25 10:20:51,450 [Worker-103: Building] INFO  o.e.m.c.i.embedder.EclipseLogger - Using 'UTF-8' encoding to copy filtered resources.
2023-01-25 10:20:51,451 [Worker-103: Building] INFO  o.e.m.c.i.embedder.EclipseLogger - Copying 1 resource
2023-01-25 10:20:51,458 [Worker-103: Building] INFO  o.e.m.c.i.embedder.EclipseLogger - Using 'UTF-8' encoding to copy filtered resources.
2023-01-25 10:20:51,458 [Worker-103: Building] INFO  o.e.m.c.i.embedder.EclipseLogger - skip non existing resourceDirectory H:\WORKSPACE002\springboot-rest-api-sample\src\test\resources
2023-01-25 10:24:05,323 [Worker-103: Building] INFO  o.e.m.c.i.embedder.EclipseLogger - Using 'UTF-8' encoding to copy filtered resources.
2023-01-25 10:24:05,324 [Worker-103: Building] INFO  o.e.m.c.i.embedder.EclipseLogger - Copying 1 resource
2023-01-25 10:24:05,342 [Worker-103: Building] INFO  o.e.m.c.i.embedder.EclipseLogger - Using 'UTF-8' encoding to copy filtered resources.
2023-01-25 10:24:05,342 [Worker-103: Building] INFO  o.e.m.c.i.embedder.EclipseLogger - skip non existing resourceDirectory H:\WORKSPACE002\springboot-rest-api-sample\src\test\resources
2023-01-25 10:25:02,385 [Worker-103: Building] INFO  o.e.m.c.i.embedder.EclipseLogger - Using 'UTF-8' encoding to copy filtered resources.
2023-01-25 10:25:02,385 [Worker-103: Building] INFO  o.e.m.c.i.embedder.EclipseLogger - Copying 1 resource
2023-01-25 10:25:02,394 [Worker-103: Building] INFO  o.e.m.c.i.embedder.EclipseLogger - Using 'UTF-8' encoding to copy filtered resources.
2023-01-25 10:25:02,395 [Worker-103: Building] INFO  o.e.m.c.i.embedder.EclipseLogger - skip non existing resourceDirectory H:\WORKSPACE002\springboot-rest-api-sample\src\test\resources
2023-01-25 10:32:52,983 [Worker-104: Building] INFO  o.e.m.c.i.embedder.EclipseLogger - Using 'UTF-8' encoding to copy filtered resources.
2023-01-25 10:32:52,983 [Worker-104: Building] INFO  o.e.m.c.i.embedder.EclipseLogger - Copying 1 resource
2023-01-25 10:32:52,985 [Worker-104: Building] INFO  o.e.m.c.i.embedder.EclipseLogger - Using 'UTF-8' encoding to copy filtered resources.
2023-01-25 10:32:52,985 [Worker-104: Building] INFO  o.e.m.c.i.embedder.EclipseLogger - skip non existing resourceDirectory H:\WORKSPACE002\springboot-rest-api-sample\src\test\resources
2023-01-25 10:38:46,355 [Worker-106: Building] INFO  o.e.m.c.i.embedder.EclipseLogger - Using 'UTF-8' encoding to copy filtered resources.
2023-01-25 10:38:46,356 [Worker-106: Building] INFO  o.e.m.c.i.embedder.EclipseLogger - Copying 1 resource
2023-01-25 10:38:46,360 [Worker-106: Building] INFO  o.e.m.c.i.embedder.EclipseLogger - Using 'UTF-8' encoding to copy filtered resources.
2023-01-25 10:38:46,360 [Worker-106: Building] INFO  o.e.m.c.i.embedder.EclipseLogger - skip non existing resourceDirectory H:\WORKSPACE002\springboot-rest-api-sample\src\test\resources
2023-01-25 10:39:41,727 [Worker-107: Building] INFO  o.e.m.c.i.embedder.EclipseLogger - Using 'UTF-8' encoding to copy filtered resources.
2023-01-25 10:39:41,728 [Worker-107: Building] INFO  o.e.m.c.i.embedder.EclipseLogger - Copying 1 resource
2023-01-25 10:39:41,730 [Worker-107: Building] INFO  o.e.m.c.i.embedder.EclipseLogger - Using 'UTF-8' encoding to copy filtered resources.
2023-01-25 10:39:41,730 [Worker-107: Building] INFO  o.e.m.c.i.embedder.EclipseLogger - skip non existing resourceDirectory H:\WORKSPACE002\springboot-rest-api-sample\src\test\resources
2023-01-25 10:45:16,477 [Worker-115: Building] INFO  o.e.m.c.i.embedder.EclipseLogger - Using 'UTF-8' encoding to copy filtered resources.
2023-01-25 10:45:16,478 [Worker-115: Building] INFO  o.e.m.c.i.embedder.EclipseLogger - Copying 1 resource
2023-01-25 10:45:16,479 [Worker-115: Building] INFO  o.e.m.c.i.embedder.EclipseLogger - Using 'UTF-8' encoding to copy filtered resources.
2023-01-25 10:45:16,479 [Worker-115: Building] INFO  o.e.m.c.i.embedder.EclipseLogger - skip non existing resourceDirectory H:\WORKSPACE002\springboot-rest-api-sample\src\test\resources
2023-01-25 10:54:46,511 [Worker-120: Building] INFO  o.e.m.c.i.embedder.EclipseLogger - Using 'UTF-8' encoding to copy filtered resources.
2023-01-25 10:54:46,512 [Worker-120: Building] INFO  o.e.m.c.i.embedder.EclipseLogger - Copying 1 resource
2023-01-25 10:54:46,513 [Worker-120: Building] INFO  o.e.m.c.i.embedder.EclipseLogger - Using 'UTF-8' encoding to copy filtered resources.
2023-01-25 10:54:46,513 [Worker-120: Building] INFO  o.e.m.c.i.embedder.EclipseLogger - skip non existing resourceDirectory H:\WORKSPACE002\springboot-rest-api-sample\src\test\resources
2023-01-25 10:55:40,371 [Worker-122: Building] INFO  o.e.m.c.i.embedder.EclipseLogger - Using 'UTF-8' encoding to copy filtered resources.
2023-01-25 10:55:40,372 [Worker-122: Building] INFO  o.e.m.c.i.embedder.EclipseLogger - Copying 1 resource
2023-01-25 10:55:40,374 [Worker-122: Building] INFO  o.e.m.c.i.embedder.EclipseLogger - Using 'UTF-8' encoding to copy filtered resources.
2023-01-25 10:55:40,374 [Worker-122: Building] INFO  o.e.m.c.i.embedder.EclipseLogger - skip non existing resourceDirectory H:\WORKSPACE002\springboot-rest-api-sample\src\test\resources
2023-01-25 10:56:17,611 [Worker-94: Building] INFO  o.e.m.c.i.embedder.EclipseLogger - Using 'UTF-8' encoding to copy filtered resources.
2023-01-25 10:56:17,612 [Worker-94: Building] INFO  o.e.m.c.i.embedder.EclipseLogger - Copying 1 resource
2023-01-25 10:56:17,614 [Worker-94: Building] INFO  o.e.m.c.i.embedder.EclipseLogger - Using 'UTF-8' encoding to copy filtered resources.
2023-01-25 10:56:17,614 [Worker-94: Building] INFO  o.e.m.c.i.embedder.EclipseLogger - skip non existing resourceDirectory H:\WORKSPACE002\springboot-rest-api-sample\src\test\resources
2023-01-25 10:57:49,586 [Worker-124: Building] INFO  o.e.m.c.i.embedder.EclipseLogger - Using 'UTF-8' encoding to copy filtered resources.
2023-01-25 10:57:49,587 [Worker-124: Building] INFO  o.e.m.c.i.embedder.EclipseLogger - Copying 1 resource
2023-01-25 10:57:49,591 [Worker-124: Building] INFO  o.e.m.c.i.embedder.EclipseLogger - Using 'UTF-8' encoding to copy filtered resources.
2023-01-25 10:57:49,591 [Worker-124: Building] INFO  o.e.m.c.i.embedder.EclipseLogger - skip non existing resourceDirectory H:\WORKSPACE002\springboot-rest-api-sample\src\test\resources
2023-01-25 11:00:15,442 [Worker-129: Building] INFO  o.e.m.c.i.embedder.EclipseLogger - Using 'UTF-8' encoding to copy filtered resources.
2023-01-25 11:00:15,443 [Worker-129: Building] INFO  o.e.m.c.i.embedder.EclipseLogger - Copying 1 resource
2023-01-25 11:00:15,445 [Worker-129: Building] INFO  o.e.m.c.i.embedder.EclipseLogger - Using 'UTF-8' encoding to copy filtered resources.
2023-01-25 11:00:15,445 [Worker-129: Building] INFO  o.e.m.c.i.embedder.EclipseLogger - skip non existing resourceDirectory H:\WORKSPACE002\springboot-rest-api-sample\src\test\resources
2023-01-25 11:02:11,391 [Worker-133: Building] INFO  o.e.m.c.i.embedder.EclipseLogger - Using 'UTF-8' encoding to copy filtered resources.
2023-01-25 11:02:11,391 [Worker-133: Building] INFO  o.e.m.c.i.embedder.EclipseLogger - Copying 1 resource
2023-01-25 11:02:11,395 [Worker-133: Building] INFO  o.e.m.c.i.embedder.EclipseLogger - Using 'UTF-8' encoding to copy filtered resources.
2023-01-25 11:02:11,395 [Worker-133: Building] INFO  o.e.m.c.i.embedder.EclipseLogger - skip non existing resourceDirectory H:\WORKSPACE002\springboot-rest-api-sample\src\test\resources
2023-01-25 11:02:29,644 [Worker-128: Building] INFO  o.e.m.c.i.embedder.EclipseLogger - Using 'UTF-8' encoding to copy filtered resources.
2023-01-25 11:02:29,645 [Worker-128: Building] INFO  o.e.m.c.i.embedder.EclipseLogger - Copying 1 resource
2023-01-25 11:02:29,647 [Worker-128: Building] INFO  o.e.m.c.i.embedder.EclipseLogger - Using 'UTF-8' encoding to copy filtered resources.
2023-01-25 11:02:29,647 [Worker-128: Building] INFO  o.e.m.c.i.embedder.EclipseLogger - skip non existing resourceDirectory H:\WORKSPACE002\springboot-rest-api-sample\src\test\resources
2023-01-25 11:08:58,398 [Worker-135: Building] INFO  o.e.m.c.i.embedder.EclipseLogger - Using 'UTF-8' encoding to copy filtered resources.
2023-01-25 11:08:58,398 [Worker-135: Building] INFO  o.e.m.c.i.embedder.EclipseLogger - Copying 1 resource
2023-01-25 11:08:58,401 [Worker-135: Building] INFO  o.e.m.c.i.embedder.EclipseLogger - Using 'UTF-8' encoding to copy filtered resources.
2023-01-25 11:08:58,401 [Worker-135: Building] INFO  o.e.m.c.i.embedder.EclipseLogger - skip non existing resourceDirectory H:\WORKSPACE002\springboot-rest-api-sample\src\test\resources
2023-01-25 11:12:30,184 [Worker-137: Building] INFO  o.e.m.c.i.embedder.EclipseLogger - Using 'UTF-8' encoding to copy filtered resources.
2023-01-25 11:12:30,185 [Worker-137: Building] INFO  o.e.m.c.i.embedder.EclipseLogger - Copying 1 resource
2023-01-25 11:12:30,187 [Worker-137: Building] INFO  o.e.m.c.i.embedder.EclipseLogger - Using 'UTF-8' encoding to copy filtered resources.
2023-01-25 11:12:30,187 [Worker-137: Building] INFO  o.e.m.c.i.embedder.EclipseLogger - skip non existing resourceDirectory H:\WORKSPACE002\springboot-rest-api-sample\src\test\resources
2023-01-25 11:16:53,109 [Worker-2: Loading available Gradle versions] INFO  o.e.b.c.i.u.g.PublishedGradleVersions - Gradle version information cache is out-of-date. Trying to update.
2023-01-25 11:19:56,681 [Worker-4: Building] INFO  o.e.m.c.i.embedder.EclipseLogger - Using 'UTF-8' encoding to copy filtered resources.
2023-01-25 11:19:56,705 [Worker-4: Building] INFO  o.e.m.c.i.embedder.EclipseLogger - Copying 1 resource
2023-01-25 11:19:56,741 [Worker-4: Building] INFO  o.e.m.c.i.embedder.EclipseLogger - Using 'UTF-8' encoding to copy filtered resources.
2023-01-25 11:19:56,741 [Worker-4: Building] INFO  o.e.m.c.i.embedder.EclipseLogger - skip non existing resourceDirectory H:\WORKSPACE002\springboot-rest-api-sample\src\test\resources
2023-01-25 11:21:30,865 [Worker-13: Building] INFO  o.e.m.c.i.embedder.EclipseLogger - Using 'UTF-8' encoding to copy filtered resources.
2023-01-25 11:21:30,870 [Worker-13: Building] INFO  o.e.m.c.i.embedder.EclipseLogger - Copying 1 resource
2023-01-25 11:21:30,874 [Worker-13: Building] INFO  o.e.m.c.i.embedder.EclipseLogger - Using 'UTF-8' encoding to copy filtered resources.
2023-01-25 11:21:30,874 [Worker-13: Building] INFO  o.e.m.c.i.embedder.EclipseLogger - skip non existing resourceDirectory H:\WORKSPACE002\springboot-rest-api-sample\src\test\resources
2023-01-25 11:28:53,310 [Worker-17: Building] INFO  o.e.m.c.i.l.LifecycleMappingFactory - Using org.eclipse.m2e.jdt.JarLifecycleMapping lifecycle mapping for MavenProject: com.hackerrank.projects:springboot-rest-api-sample:1.0.0-SNAPSHOT @ H:\WORKSPACE002\springboot-rest-api-sample\pom.xml.
2023-01-25 11:28:54,099 [Worker-17: Building] INFO  o.e.m.c.i.embedder.EclipseLogger - Using 'UTF-8' encoding to copy filtered resources.
2023-01-25 11:28:54,101 [Worker-17: Building] INFO  o.e.m.c.i.embedder.EclipseLogger - Copying 0 resource
2023-01-25 11:28:54,103 [Worker-17: Building] INFO  o.e.m.c.i.embedder.EclipseLogger - Using 'UTF-8' encoding to copy filtered resources.
2023-01-25 11:28:54,103 [Worker-17: Building] INFO  o.e.m.c.i.embedder.EclipseLogger - skip non existing resourceDirectory H:\WORKSPACE002\springboot-rest-api-sample\src\test\resources
2023-01-25 11:28:56,235 [Worker-18: Download sources and javadoc] INFO  o.e.m.c.i.e.AbstractTransferListenerAdapter - Downloading https://repo.maven.apache.org/maven2/org/postgresql/postgresql/42.2.5/postgresql-42.2.5-sources.jar
2023-01-25 11:28:56,540 [Worker-13: Building] INFO  o.e.m.c.i.embedder.EclipseLogger - Using 'UTF-8' encoding to copy filtered resources.
2023-01-25 11:28:56,542 [Worker-13: Building] INFO  o.e.m.c.i.embedder.EclipseLogger - Copying 1 resource
2023-01-25 11:28:56,563 [Worker-13: Building] INFO  o.e.m.c.i.embedder.EclipseLogger - Using 'UTF-8' encoding to copy filtered resources.
2023-01-25 11:28:56,563 [Worker-13: Building] INFO  o.e.m.c.i.embedder.EclipseLogger - skip non existing resourceDirectory H:\WORKSPACE002\springboot-rest-api-sample\src\test\resources
2023-01-25 11:28:56,768 [Worker-18: Download sources and javadoc] INFO  o.e.m.c.i.e.AbstractTransferListenerAdapter - Downloaded https://repo.maven.apache.org/maven2/org/postgresql/postgresql/42.2.5/postgresql-42.2.5-sources.jar
2023-01-25 11:28:57,313 [Worker-18: Download sources and javadoc] INFO  o.e.m.j.internal.DownloadSourcesJob - Downloaded sources for org.postgresql:postgresql:42.2.5
2023-01-25 11:28:57,662 [Worker-6: Building] INFO  o.e.m.c.i.embedder.EclipseLogger - Using 'UTF-8' encoding to copy filtered resources.
2023-01-25 11:28:57,663 [Worker-6: Building] INFO  o.e.m.c.i.embedder.EclipseLogger - Copying 0 resource
2023-01-25 11:28:57,664 [Worker-6: Building] INFO  o.e.m.c.i.embedder.EclipseLogger - Using 'UTF-8' encoding to copy filtered resources.
2023-01-25 11:28:57,664 [Worker-6: Building] INFO  o.e.m.c.i.embedder.EclipseLogger - skip non existing resourceDirectory H:\WORKSPACE002\springboot-rest-api-sample\src\test\resources
2023-01-25 11:31:39,557 [Worker-20: Building] INFO  o.e.m.c.i.embedder.EclipseLogger - Using 'UTF-8' encoding to copy filtered resources.
2023-01-25 11:31:39,558 [Worker-20: Building] INFO  o.e.m.c.i.embedder.EclipseLogger - Copying 1 resource
2023-01-25 11:31:39,561 [Worker-20: Building] INFO  o.e.m.c.i.embedder.EclipseLogger - Using 'UTF-8' encoding to copy filtered resources.
2023-01-25 11:31:39,561 [Worker-20: Building] INFO  o.e.m.c.i.embedder.EclipseLogger - skip non existing resourceDirectory H:\WORKSPACE002\springboot-rest-api-sample\src\test\resources
2023-01-25 11:33:58,846 [Worker-20: Building] INFO  o.e.m.c.i.embedder.EclipseLogger - Using 'UTF-8' encoding to copy filtered resources.
2023-01-25 11:33:58,846 [Worker-20: Building] INFO  o.e.m.c.i.embedder.EclipseLogger - Copying 1 resource
2023-01-25 11:33:58,849 [Worker-20: Building] INFO  o.e.m.c.i.embedder.EclipseLogger - Using 'UTF-8' encoding to copy filtered resources.
2023-01-25 11:33:58,849 [Worker-20: Building] INFO  o.e.m.c.i.embedder.EclipseLogger - skip non existing resourceDirectory H:\WORKSPACE002\springboot-rest-api-sample\src\test\resources
2023-01-25 11:39:20,328 [Worker-20: Building] INFO  o.e.m.c.i.embedder.EclipseLogger - Using 'UTF-8' encoding to copy filtered resources.
2023-01-25 11:39:20,329 [Worker-20: Building] INFO  o.e.m.c.i.embedder.EclipseLogger - Copying 1 resource
2023-01-25 11:39:20,335 [Worker-20: Building] INFO  o.e.m.c.i.embedder.EclipseLogger - Using 'UTF-8' encoding to copy filtered resources.
2023-01-25 11:39:20,335 [Worker-20: Building] INFO  o.e.m.c.i.embedder.EclipseLogger - skip non existing resourceDirectory H:\WORKSPACE002\springboot-rest-api-sample\src\test\resources
2023-01-25 11:40:12,678 [Worker-20: Building] INFO  o.e.m.c.i.embedder.EclipseLogger - Using 'UTF-8' encoding to copy filtered resources.
2023-01-25 11:40:12,678 [Worker-20: Building] INFO  o.e.m.c.i.embedder.EclipseLogger - Copying 1 resource
2023-01-25 11:40:12,680 [Worker-20: Building] INFO  o.e.m.c.i.embedder.EclipseLogger - Using 'UTF-8' encoding to copy filtered resources.
2023-01-25 11:40:12,681 [Worker-20: Building] INFO  o.e.m.c.i.embedder.EclipseLogger - skip non existing resourceDirectory H:\WORKSPACE002\springboot-rest-api-sample\src\test\resources
2023-01-25 11:40:38,264 [Worker-20: Building] INFO  o.e.m.c.i.embedder.EclipseLogger - Using 'UTF-8' encoding to copy filtered resources.
2023-01-25 11:40:38,265 [Worker-20: Building] INFO  o.e.m.c.i.embedder.EclipseLogger - Copying 1 resource
2023-01-25 11:40:38,267 [Worker-20: Building] INFO  o.e.m.c.i.embedder.EclipseLogger - Using 'UTF-8' encoding to copy filtered resources.
2023-01-25 11:40:38,268 [Worker-20: Building] INFO  o.e.m.c.i.embedder.EclipseLogger - skip non existing resourceDirectory H:\WORKSPACE002\springboot-rest-api-sample\src\test\resources
2023-01-25 11:43:49,973 [Worker-29: Building] INFO  o.e.m.c.i.embedder.EclipseLogger - Using 'UTF-8' encoding to copy filtered resources.
2023-01-25 11:43:49,974 [Worker-29: Building] INFO  o.e.m.c.i.embedder.EclipseLogger - Copying 1 resource
2023-01-25 11:43:49,976 [Worker-29: Building] INFO  o.e.m.c.i.embedder.EclipseLogger - Using 'UTF-8' encoding to copy filtered resources.
2023-01-25 11:43:49,977 [Worker-29: Building] INFO  o.e.m.c.i.embedder.EclipseLogger - skip non existing resourceDirectory H:\WORKSPACE002\springboot-rest-api-sample\src\test\resources
2023-01-25 11:44:52,470 [Worker-29: Building] INFO  o.e.m.c.i.embedder.EclipseLogger - Using 'UTF-8' encoding to copy filtered resources.
2023-01-25 11:44:52,470 [Worker-29: Building] INFO  o.e.m.c.i.embedder.EclipseLogger - Copying 1 resource
2023-01-25 11:44:52,472 [Worker-29: Building] INFO  o.e.m.c.i.embedder.EclipseLogger - Using 'UTF-8' encoding to copy filtered resources.
2023-01-25 11:44:52,472 [Worker-29: Building] INFO  o.e.m.c.i.embedder.EclipseLogger - skip non existing resourceDirectory H:\WORKSPACE002\springboot-rest-api-sample\src\test\resources
2023-01-25 12:00:35,738 [Worker-36: Building] INFO  o.e.m.c.i.embedder.EclipseLogger - Using 'UTF-8' encoding to copy filtered resources.
2023-01-25 12:00:35,738 [Worker-36: Building] INFO  o.e.m.c.i.embedder.EclipseLogger - Copying 1 resource
2023-01-25 12:00:35,740 [Worker-36: Building] INFO  o.e.m.c.i.embedder.EclipseLogger - Using 'UTF-8' encoding to copy filtered resources.
2023-01-25 12:00:35,740 [Worker-36: Building] INFO  o.e.m.c.i.embedder.EclipseLogger - skip non existing resourceDirectory H:\WORKSPACE002\springboot-rest-api-sample\src\test\resources
2023-01-25 12:03:31,857 [Worker-38: Building] INFO  o.e.m.c.i.embedder.EclipseLogger - Using 'UTF-8' encoding to copy filtered resources.
2023-01-25 12:03:31,859 [Worker-38: Building] INFO  o.e.m.c.i.embedder.EclipseLogger - Copying 1 resource
2023-01-25 12:03:31,861 [Worker-38: Building] INFO  o.e.m.c.i.embedder.EclipseLogger - Using 'UTF-8' encoding to copy filtered resources.
2023-01-25 12:03:31,861 [Worker-38: Building] INFO  o.e.m.c.i.embedder.EclipseLogger - skip non existing resourceDirectory H:\WORKSPACE002\springboot-rest-api-sample\src\test\resources
2023-01-25 12:11:09,631 [Worker-40: Building] INFO  o.e.m.c.i.embedder.EclipseLogger - Using 'UTF-8' encoding to copy filtered resources.
2023-01-25 12:11:09,632 [Worker-40: Building] INFO  o.e.m.c.i.embedder.EclipseLogger - Copying 1 resource
2023-01-25 12:11:09,633 [Worker-40: Building] INFO  o.e.m.c.i.embedder.EclipseLogger - Using 'UTF-8' encoding to copy filtered resources.
2023-01-25 12:11:09,633 [Worker-40: Building] INFO  o.e.m.c.i.embedder.EclipseLogger - skip non existing resourceDirectory H:\WORKSPACE002\springboot-rest-api-sample\src\test\resources
2023-01-25 12:11:36,845 [Worker-30: Building] INFO  o.e.m.c.i.embedder.EclipseLogger - Using 'UTF-8' encoding to copy filtered resources.
2023-01-25 12:11:36,846 [Worker-30: Building] INFO  o.e.m.c.i.embedder.EclipseLogger - Copying 1 resource
2023-01-25 12:11:36,847 [Worker-30: Building] INFO  o.e.m.c.i.embedder.EclipseLogger - Using 'UTF-8' encoding to copy filtered resources.
2023-01-25 12:11:36,848 [Worker-30: Building] INFO  o.e.m.c.i.embedder.EclipseLogger - skip non existing resourceDirectory H:\WORKSPACE002\springboot-rest-api-sample\src\test\resources
2023-01-25 12:16:36,941 [Worker-45: Building] INFO  o.e.m.c.i.embedder.EclipseLogger - Using 'UTF-8' encoding to copy filtered resources.
2023-01-25 12:16:36,942 [Worker-45: Building] INFO  o.e.m.c.i.embedder.EclipseLogger - Copying 1 resource
2023-01-25 12:16:36,943 [Worker-45: Building] INFO  o.e.m.c.i.embedder.EclipseLogger - Using 'UTF-8' encoding to copy filtered resources.
2023-01-25 12:16:36,944 [Worker-45: Building] INFO  o.e.m.c.i.embedder.EclipseLogger - skip non existing resourceDirectory H:\WORKSPACE002\springboot-rest-api-sample\src\test\resources
2023-01-25 12:20:35,130 [Worker-49: Building] INFO  o.e.m.c.i.embedder.EclipseLogger - Using 'UTF-8' encoding to copy filtered resources.
2023-01-25 12:20:35,131 [Worker-49: Building] INFO  o.e.m.c.i.embedder.EclipseLogger - Copying 1 resource
2023-01-25 12:20:35,135 [Worker-49: Building] INFO  o.e.m.c.i.embedder.EclipseLogger - Using 'UTF-8' encoding to copy filtered resources.
2023-01-25 12:20:35,135 [Worker-49: Building] INFO  o.e.m.c.i.embedder.EclipseLogger - skip non existing resourceDirectory H:\WORKSPACE002\springboot-rest-api-sample\src\test\resources
2023-01-25 12:20:36,653 [Worker-40: Building] INFO  o.e.m.c.i.embedder.EclipseLogger - Using 'UTF-8' encoding to copy filtered resources.
2023-01-25 12:20:36,654 [Worker-40: Building] INFO  o.e.m.c.i.embedder.EclipseLogger - Copying 1 resource
2023-01-25 12:20:36,657 [Worker-40: Building] INFO  o.e.m.c.i.embedder.EclipseLogger - Using 'UTF-8' encoding to copy filtered resources.
2023-01-25 12:20:36,658 [Worker-40: Building] INFO  o.e.m.c.i.embedder.EclipseLogger - skip non existing resourceDirectory H:\WORKSPACE002\springboot-rest-api-sample\src\test\resources
2023-01-25 12:31:40,279 [Worker-53: Building] INFO  o.e.m.c.i.embedder.EclipseLogger - Using 'UTF-8' encoding to copy filtered resources.
2023-01-25 12:31:40,280 [Worker-53: Building] INFO  o.e.m.c.i.embedder.EclipseLogger - Copying 1 resource
2023-01-25 12:31:40,282 [Worker-53: Building] INFO  o.e.m.c.i.embedder.EclipseLogger - Using 'UTF-8' encoding to copy filtered resources.
2023-01-25 12:31:40,282 [Worker-53: Building] INFO  o.e.m.c.i.embedder.EclipseLogger - skip non existing resourceDirectory H:\WORKSPACE002\springboot-rest-api-sample\src\test\resources
2023-01-25 12:32:27,868 [Worker-57: Building] INFO  o.e.m.c.i.embedder.EclipseLogger - Using 'UTF-8' encoding to copy filtered resources.
2023-01-25 12:32:27,868 [Worker-57: Building] INFO  o.e.m.c.i.embedder.EclipseLogger - Copying 1 resource
2023-01-25 12:32:27,870 [Worker-57: Building] INFO  o.e.m.c.i.embedder.EclipseLogger - Using 'UTF-8' encoding to copy filtered resources.
2023-01-25 12:32:27,871 [Worker-57: Building] INFO  o.e.m.c.i.embedder.EclipseLogger - skip non existing resourceDirectory H:\WORKSPACE002\springboot-rest-api-sample\src\test\resources
2023-01-25 12:32:43,252 [Worker-54: Building] INFO  o.e.m.c.i.embedder.EclipseLogger - Using 'UTF-8' encoding to copy filtered resources.
2023-01-25 12:32:43,252 [Worker-54: Building] INFO  o.e.m.c.i.embedder.EclipseLogger - Copying 1 resource
2023-01-25 12:32:43,254 [Worker-54: Building] INFO  o.e.m.c.i.embedder.EclipseLogger - Using 'UTF-8' encoding to copy filtered resources.
2023-01-25 12:32:43,254 [Worker-54: Building] INFO  o.e.m.c.i.embedder.EclipseLogger - skip non existing resourceDirectory H:\WORKSPACE002\springboot-rest-api-sample\src\test\resources
2023-01-25 12:33:02,742 [Worker-53: Building] INFO  o.e.m.c.i.embedder.EclipseLogger - Using 'UTF-8' encoding to copy filtered resources.
2023-01-25 12:33:02,742 [Worker-53: Building] INFO  o.e.m.c.i.embedder.EclipseLogger - Copying 1 resource
2023-01-25 12:33:02,744 [Worker-53: Building] INFO  o.e.m.c.i.embedder.EclipseLogger - Using 'UTF-8' encoding to copy filtered resources.
2023-01-25 12:33:02,744 [Worker-53: Building] INFO  o.e.m.c.i.embedder.EclipseLogger - skip non existing resourceDirectory H:\WORKSPACE002\springboot-rest-api-sample\src\test\resources
2023-01-25 12:33:20,408 [Worker-53: Building] INFO  o.e.m.c.i.embedder.EclipseLogger - Using 'UTF-8' encoding to copy filtered resources.
2023-01-25 12:33:20,408 [Worker-53: Building] INFO  o.e.m.c.i.embedder.EclipseLogger - Copying 1 resource
2023-01-25 12:33:20,410 [Worker-53: Building] INFO  o.e.m.c.i.embedder.EclipseLogger - Using 'UTF-8' encoding to copy filtered resources.
2023-01-25 12:33:20,411 [Worker-53: Building] INFO  o.e.m.c.i.embedder.EclipseLogger - skip non existing resourceDirectory H:\WORKSPACE002\springboot-rest-api-sample\src\test\resources
2023-01-25 12:33:39,797 [Worker-56: Building] INFO  o.e.m.c.i.embedder.EclipseLogger - Using 'UTF-8' encoding to copy filtered resources.
2023-01-25 12:33:39,797 [Worker-56: Building] INFO  o.e.m.c.i.embedder.EclipseLogger - Copying 1 resource
2023-01-25 12:33:39,799 [Worker-56: Building] INFO  o.e.m.c.i.embedder.EclipseLogger - Using 'UTF-8' encoding to copy filtered resources.
2023-01-25 12:33:39,800 [Worker-56: Building] INFO  o.e.m.c.i.embedder.EclipseLogger - skip non existing resourceDirectory H:\WORKSPACE002\springboot-rest-api-sample\src\test\resources
2023-01-25 12:43:10,125 [Worker-58: Building] INFO  o.e.m.c.i.embedder.EclipseLogger - Using 'UTF-8' encoding to copy filtered resources.
2023-01-25 12:43:10,126 [Worker-58: Building] INFO  o.e.m.c.i.embedder.EclipseLogger - Copying 1 resource
2023-01-25 12:43:10,128 [Worker-58: Building] INFO  o.e.m.c.i.embedder.EclipseLogger - Using 'UTF-8' encoding to copy filtered resources.
2023-01-25 12:43:10,128 [Worker-58: Building] INFO  o.e.m.c.i.embedder.EclipseLogger - skip non existing resourceDirectory H:\WORKSPACE002\springboot-rest-api-sample\src\test\resources
2023-01-25 19:15:48,858 [Worker-79: Building] INFO  o.e.m.c.i.embedder.EclipseLogger - Using 'UTF-8' encoding to copy filtered resources.
2023-01-25 19:15:48,861 [Worker-79: Building] INFO  o.e.m.c.i.embedder.EclipseLogger - Copying 1 resource
2023-01-25 19:15:48,865 [Worker-79: Building] INFO  o.e.m.c.i.embedder.EclipseLogger - Using 'UTF-8' encoding to copy filtered resources.
2023-01-25 19:15:48,865 [Worker-79: Building] INFO  o.e.m.c.i.embedder.EclipseLogger - skip non existing resourceDirectory H:\WORKSPACE002\springboot-rest-api-sample\src\test\resources
2023-01-27 09:19:20,700 [Worker-0: Loading available Gradle versions] INFO  o.e.b.c.i.u.g.PublishedGradleVersions - Gradle version information cache is out-of-date. Trying to update.
2023-01-27 09:52:44,293 [Worker-18: Building] INFO  o.e.m.c.i.embedder.EclipseLogger - Using 'UTF-8' encoding to copy filtered resources.
2023-01-27 09:52:44,298 [Worker-18: Building] INFO  o.e.m.c.i.embedder.EclipseLogger - Copying 1 resource
2023-01-27 09:52:44,304 [Worker-18: Building] INFO  o.e.m.c.i.embedder.EclipseLogger - Using 'UTF-8' encoding to copy filtered resources.
2023-01-27 09:52:44,304 [Worker-18: Building] INFO  o.e.m.c.i.embedder.EclipseLogger - skip non existing resourceDirectory H:\WORKSPACE002\springboot-rest-api-sample\src\test\resources
2023-01-27 09:58:28,183 [Worker-21: Building] INFO  o.e.m.c.i.embedder.EclipseLogger - Using 'UTF-8' encoding to copy filtered resources.
2023-01-27 09:58:28,187 [Worker-21: Building] INFO  o.e.m.c.i.embedder.EclipseLogger - Copying 1 resource
2023-01-27 09:58:28,190 [Worker-21: Building] INFO  o.e.m.c.i.embedder.EclipseLogger - Using 'UTF-8' encoding to copy filtered resources.
2023-01-27 09:58:28,191 [Worker-21: Building] INFO  o.e.m.c.i.embedder.EclipseLogger - skip non existing resourceDirectory H:\WORKSPACE002\springboot-rest-api-sample\src\test\resources
2023-01-27 10:00:43,183 [Worker-16: Building] INFO  o.e.m.c.i.embedder.EclipseLogger - Using 'UTF-8' encoding to copy filtered resources.
2023-01-27 10:00:43,184 [Worker-16: Building] INFO  o.e.m.c.i.embedder.EclipseLogger - Copying 1 resource
2023-01-27 10:00:43,186 [Worker-16: Building] INFO  o.e.m.c.i.embedder.EclipseLogger - Using 'UTF-8' encoding to copy filtered resources.
2023-01-27 10:00:43,186 [Worker-16: Building] INFO  o.e.m.c.i.embedder.EclipseLogger - skip non existing resourceDirectory H:\WORKSPACE002\springboot-rest-api-sample\src\test\resources
2023-01-27 10:27:02,393 [Worker-24: Building] INFO  o.e.m.c.i.embedder.EclipseLogger - Using 'UTF-8' encoding to copy filtered resources.
2023-01-27 10:27:02,394 [Worker-24: Building] INFO  o.e.m.c.i.embedder.EclipseLogger - Copying 1 resource
2023-01-27 10:27:02,396 [Worker-24: Building] INFO  o.e.m.c.i.embedder.EclipseLogger - Using 'UTF-8' encoding to copy filtered resources.
2023-01-27 10:27:02,396 [Worker-24: Building] INFO  o.e.m.c.i.embedder.EclipseLogger - skip non existing resourceDirectory H:\WORKSPACE002\springboot-rest-api-sample\src\test\resources
2023-01-27 10:51:43,493 [Worker-35: Building] INFO  o.e.m.c.i.embedder.EclipseLogger - Using 'UTF-8' encoding to copy filtered resources.
2023-01-27 10:51:43,494 [Worker-35: Building] INFO  o.e.m.c.i.embedder.EclipseLogger - Copying 1 resource
2023-01-27 10:51:43,495 [Worker-35: Building] INFO  o.e.m.c.i.embedder.EclipseLogger - Using 'UTF-8' encoding to copy filtered resources.
2023-01-27 10:51:43,496 [Worker-35: Building] INFO  o.e.m.c.i.embedder.EclipseLogger - skip non existing resourceDirectory H:\WORKSPACE002\springboot-rest-api-sample\src\test\resources
2023-01-27 11:37:55,840 [Worker-48: Building] INFO  o.e.m.c.i.embedder.EclipseLogger - Using 'UTF-8' encoding to copy filtered resources.
2023-01-27 11:37:55,841 [Worker-48: Building] INFO  o.e.m.c.i.embedder.EclipseLogger - Copying 1 resource
2023-01-27 11:37:55,842 [Worker-48: Building] INFO  o.e.m.c.i.embedder.EclipseLogger - Using 'UTF-8' encoding to copy filtered resources.
2023-01-27 11:37:55,843 [Worker-48: Building] INFO  o.e.m.c.i.embedder.EclipseLogger - skip non existing resourceDirectory H:\WORKSPACE002\springboot-rest-api-sample\src\test\resources
2023-01-27 11:50:49,629 [Worker-47: Building] INFO  o.e.m.c.i.embedder.EclipseLogger - Using 'UTF-8' encoding to copy filtered resources.
2023-01-27 11:50:49,629 [Worker-47: Building] INFO  o.e.m.c.i.embedder.EclipseLogger - Copying 1 resource
2023-01-27 11:50:49,631 [Worker-47: Building] INFO  o.e.m.c.i.embedder.EclipseLogger - Using 'UTF-8' encoding to copy filtered resources.
2023-01-27 11:50:49,631 [Worker-47: Building] INFO  o.e.m.c.i.embedder.EclipseLogger - skip non existing resourceDirectory H:\WORKSPACE002\springboot-rest-api-sample\src\test\resources
2023-01-27 11:58:43,319 [Worker-31: Building] INFO  o.e.m.c.i.embedder.EclipseLogger - Using 'UTF-8' encoding to copy filtered resources.
2023-01-27 11:58:43,320 [Worker-31: Building] INFO  o.e.m.c.i.embedder.EclipseLogger - Copying 1 resource
2023-01-27 11:58:43,322 [Worker-31: Building] INFO  o.e.m.c.i.embedder.EclipseLogger - Using 'UTF-8' encoding to copy filtered resources.
2023-01-27 11:58:43,322 [Worker-31: Building] INFO  o.e.m.c.i.embedder.EclipseLogger - skip non existing resourceDirectory H:\WORKSPACE002\springboot-rest-api-sample\src\test\resources
2023-01-27 12:08:27,219 [Worker-49: Building] INFO  o.e.m.c.i.embedder.EclipseLogger - Using 'UTF-8' encoding to copy filtered resources.
2023-01-27 12:08:27,220 [Worker-49: Building] INFO  o.e.m.c.i.embedder.EclipseLogger - Copying 1 resource
2023-01-27 12:08:27,222 [Worker-49: Building] INFO  o.e.m.c.i.embedder.EclipseLogger - Using 'UTF-8' encoding to copy filtered resources.
2023-01-27 12:08:27,223 [Worker-49: Building] INFO  o.e.m.c.i.embedder.EclipseLogger - skip non existing resourceDirectory H:\WORKSPACE002\springboot-rest-api-sample\src\test\resources
2023-01-27 12:30:41,998 [Worker-59: Building] INFO  o.e.m.c.i.embedder.EclipseLogger - Using 'UTF-8' encoding to copy filtered resources.
2023-01-27 12:30:41,998 [Worker-59: Building] INFO  o.e.m.c.i.embedder.EclipseLogger - Copying 1 resource
2023-01-27 12:30:42,000 [Worker-59: Building] INFO  o.e.m.c.i.embedder.EclipseLogger - Using 'UTF-8' encoding to copy filtered resources.
2023-01-27 12:30:42,000 [Worker-59: Building] INFO  o.e.m.c.i.embedder.EclipseLogger - skip non existing resourceDirectory H:\WORKSPACE002\springboot-rest-api-sample\src\test\resources
2023-01-27 12:32:21,229 [Worker-57: Building] INFO  o.e.m.c.i.embedder.EclipseLogger - Using 'UTF-8' encoding to copy filtered resources.
2023-01-27 12:32:21,230 [Worker-57: Building] INFO  o.e.m.c.i.embedder.EclipseLogger - Copying 1 resource
2023-01-27 12:32:21,231 [Worker-57: Building] INFO  o.e.m.c.i.embedder.EclipseLogger - Using 'UTF-8' encoding to copy filtered resources.
2023-01-27 12:32:21,232 [Worker-57: Building] INFO  o.e.m.c.i.embedder.EclipseLogger - skip non existing resourceDirectory H:\WORKSPACE002\springboot-rest-api-sample\src\test\resources
2023-01-27 12:36:47,061 [Worker-62: Building] INFO  o.e.m.c.i.embedder.EclipseLogger - Using 'UTF-8' encoding to copy filtered resources.
2023-01-27 12:36:47,061 [Worker-62: Building] INFO  o.e.m.c.i.embedder.EclipseLogger - Copying 1 resource
2023-01-27 12:36:47,063 [Worker-62: Building] INFO  o.e.m.c.i.embedder.EclipseLogger - Using 'UTF-8' encoding to copy filtered resources.
2023-01-27 12:36:47,063 [Worker-62: Building] INFO  o.e.m.c.i.embedder.EclipseLogger - skip non existing resourceDirectory H:\WORKSPACE002\springboot-rest-api-sample\src\test\resources
2023-01-27 12:39:11,909 [Worker-62: Building] INFO  o.e.m.c.i.embedder.EclipseLogger - Using 'UTF-8' encoding to copy filtered resources.
2023-01-27 12:39:11,910 [Worker-62: Building] INFO  o.e.m.c.i.embedder.EclipseLogger - Copying 1 resource
2023-01-27 12:39:11,913 [Worker-62: Building] INFO  o.e.m.c.i.embedder.EclipseLogger - Using 'UTF-8' encoding to copy filtered resources.
2023-01-27 12:39:11,913 [Worker-62: Building] INFO  o.e.m.c.i.embedder.EclipseLogger - skip non existing resourceDirectory H:\WORKSPACE002\springboot-rest-api-sample\src\test\resources
2023-01-27 12:42:55,511 [Worker-57: Building] INFO  o.e.m.c.i.embedder.EclipseLogger - Using 'UTF-8' encoding to copy filtered resources.
2023-01-27 12:42:55,511 [Worker-57: Building] INFO  o.e.m.c.i.embedder.EclipseLogger - Copying 1 resource
2023-01-27 12:42:55,513 [Worker-57: Building] INFO  o.e.m.c.i.embedder.EclipseLogger - Using 'UTF-8' encoding to copy filtered resources.
2023-01-27 12:42:55,513 [Worker-57: Building] INFO  o.e.m.c.i.embedder.EclipseLogger - skip non existing resourceDirectory H:\WORKSPACE002\springboot-rest-api-sample\src\test\resources
2023-01-27 12:45:56,300 [Worker-64: Building] INFO  o.e.m.c.i.embedder.EclipseLogger - Using 'UTF-8' encoding to copy filtered resources.
2023-01-27 12:45:56,301 [Worker-64: Building] INFO  o.e.m.c.i.embedder.EclipseLogger - Copying 1 resource
2023-01-27 12:45:56,304 [Worker-64: Building] INFO  o.e.m.c.i.embedder.EclipseLogger - Using 'UTF-8' encoding to copy filtered resources.
2023-01-27 12:45:56,305 [Worker-64: Building] INFO  o.e.m.c.i.embedder.EclipseLogger - skip non existing resourceDirectory H:\WORKSPACE002\springboot-rest-api-sample\src\test\resources
2023-01-27 14:43:38,637 [Worker-74: Building] INFO  o.e.m.c.i.embedder.EclipseLogger - Using 'UTF-8' encoding to copy filtered resources.
2023-01-27 14:43:38,638 [Worker-74: Building] INFO  o.e.m.c.i.embedder.EclipseLogger - Copying 1 resource
2023-01-27 14:43:38,639 [Worker-74: Building] INFO  o.e.m.c.i.embedder.EclipseLogger - Using 'UTF-8' encoding to copy filtered resources.
2023-01-27 14:43:38,640 [Worker-74: Building] INFO  o.e.m.c.i.embedder.EclipseLogger - skip non existing resourceDirectory H:\WORKSPACE002\springboot-rest-api-sample\src\test\resources
2023-01-27 15:08:06,371 [Worker-5: Loading available Gradle versions] INFO  o.e.b.c.i.u.g.PublishedGradleVersions - Gradle version information cache is up-to-date. Trying to read.
2023-01-27 15:08:13,579 [Worker-0: Deferred Early Start] INFO  o.a.h.c.h.i.c.HttpRequestRetryExec - Recoverable I/O exception (java.net.SocketException) caught when processing request to {s}->https://www.eclipse.org:443
2023-01-27 15:25:21,480 [Worker-4: Loading available Gradle versions] INFO  o.e.b.c.i.u.g.PublishedGradleVersions - Gradle version information cache is up-to-date. Trying to read.
2023-01-27 15:26:18,373 [Worker-6: Launching Application] INFO  o.e.m.c.i.embedder.EclipseLogger - Using 'UTF-8' encoding to copy filtered resources.
2023-01-27 15:26:18,378 [Worker-6: Launching Application] INFO  o.e.m.c.i.embedder.EclipseLogger - Copying 1 resource
2023-01-27 15:26:18,390 [Worker-6: Launching Application] INFO  o.e.m.c.i.embedder.EclipseLogger - Using 'UTF-8' encoding to copy filtered resources.
2023-01-27 15:26:18,390 [Worker-6: Launching Application] INFO  o.e.m.c.i.embedder.EclipseLogger - skip non existing resourceDirectory H:\WORKSPACE002\springboot-rest-api-sample\src\test\resources
2023-01-27 15:30:11,156 [Worker-10: Building] INFO  o.e.m.c.i.embedder.EclipseLogger - Using 'UTF-8' encoding to copy filtered resources.
2023-01-27 15:30:11,162 [Worker-10: Building] INFO  o.e.m.c.i.embedder.EclipseLogger - Copying 1 resource
2023-01-27 15:30:11,166 [Worker-10: Building] INFO  o.e.m.c.i.embedder.EclipseLogger - Using 'UTF-8' encoding to copy filtered resources.
2023-01-27 15:30:11,166 [Worker-10: Building] INFO  o.e.m.c.i.embedder.EclipseLogger - skip non existing resourceDirectory H:\WORKSPACE002\springboot-rest-api-sample\src\test\resources
2023-01-30 10:17:07,051 [Worker-3: Loading available Gradle versions] INFO  o.e.b.c.i.u.g.PublishedGradleVersions - Gradle version information cache is out-of-date. Trying to update.
2023-01-30 11:13:01,244 [Worker-16: Building] INFO  o.e.m.c.i.e.AbstractTransferListenerAdapter - Downloading https://repo.maven.apache.org/maven2/org/springframework/boot/spring-boot-maven-plugin/maven-metadata.xml
2023-01-30 11:13:01,384 [Worker-16: Building] INFO  o.e.m.c.i.e.AbstractTransferListenerAdapter - Downloaded https://repo.maven.apache.org/maven2/org/springframework/boot/spring-boot-maven-plugin/maven-metadata.xml
2023-01-30 11:13:01,467 [Worker-16: Building] INFO  o.e.m.c.i.e.AbstractTransferListenerAdapter - Downloading https://repo.maven.apache.org/maven2/org/springframework/boot/spring-boot-maven-plugin/3.0.2/spring-boot-maven-plugin-3.0.2.pom
2023-01-30 11:13:01,561 [Worker-16: Building] INFO  o.e.m.c.i.e.AbstractTransferListenerAdapter - Downloaded https://repo.maven.apache.org/maven2/org/springframework/boot/spring-boot-maven-plugin/3.0.2/spring-boot-maven-plugin-3.0.2.pom
2023-01-30 11:13:01,643 [Worker-16: Building] INFO  o.e.m.c.i.e.AbstractTransferListenerAdapter - Downloading https://repo.maven.apache.org/maven2/org/springframework/boot/spring-boot-maven-plugin/3.0.2/spring-boot-maven-plugin-3.0.2.jar
2023-01-30 11:13:01,880 [Worker-16: Building] INFO  o.e.m.c.i.e.AbstractTransferListenerAdapter - Downloaded https://repo.maven.apache.org/maven2/org/springframework/boot/spring-boot-maven-plugin/3.0.2/spring-boot-maven-plugin-3.0.2.jar
2023-01-30 11:13:02,641 [Worker-16: Building] INFO  o.e.m.c.i.l.LifecycleMappingFactory - Using org.eclipse.m2e.jdt.JarLifecycleMapping lifecycle mapping for MavenProject: com.hackerrank.projects:springboot-rest-api-sample:1.0.0-SNAPSHOT @ H:\WORKSPACE002\springboot-rest-api-sample\pom.xml.
2023-01-30 11:13:03,363 [Worker-16: Building] INFO  o.e.m.c.i.embedder.EclipseLogger - Using 'UTF-8' encoding to copy filtered resources.
2023-01-30 11:13:03,369 [Worker-16: Building] INFO  o.e.m.c.i.embedder.EclipseLogger - Copying 1 resource
2023-01-30 11:13:03,376 [Worker-16: Building] INFO  o.e.m.c.i.embedder.EclipseLogger - Not copying test resources
2023-01-30 11:14:32,623 [Worker-25: Building] INFO  o.e.m.c.i.l.LifecycleMappingFactory - Using org.eclipse.m2e.jdt.JarLifecycleMapping lifecycle mapping for MavenProject: com.hackerrank.projects:springboot-rest-api-sample:1.0.0-SNAPSHOT @ H:\WORKSPACE002\springboot-rest-api-sample\pom.xml.
2023-01-30 11:14:33,246 [Worker-25: Building] INFO  o.e.m.c.i.embedder.EclipseLogger - Using 'UTF-8' encoding to copy filtered resources.
2023-01-30 11:14:33,250 [Worker-25: Building] INFO  o.e.m.c.i.embedder.EclipseLogger - Copying 1 resource
2023-01-30 11:14:33,257 [Worker-25: Building] INFO  o.e.m.c.i.embedder.EclipseLogger - Not copying test resources
2023-01-30 11:17:00,160 [Worker-19: Building] INFO  o.e.m.c.i.embedder.EclipseLogger - Using 'UTF-8' encoding to copy filtered resources.
2023-01-30 11:17:00,161 [Worker-19: Building] INFO  o.e.m.c.i.embedder.EclipseLogger - Copying 1 resource
2023-01-30 11:17:00,162 [Worker-19: Building] INFO  o.e.m.c.i.embedder.EclipseLogger - Not copying test resources
2023-01-30 11:49:46,328 [Worker-22: Building] INFO  o.e.m.c.i.embedder.EclipseLogger - Using 'UTF-8' encoding to copy filtered resources.
2023-01-30 11:49:46,331 [Worker-22: Building] INFO  o.e.m.c.i.embedder.EclipseLogger - Copying 0 resource
2023-01-30 11:49:46,333 [Worker-22: Building] INFO  o.e.m.c.i.embedder.EclipseLogger - Not copying test resources
2023-01-30 11:52:19,779 [Worker-30: Building] INFO  o.e.m.c.i.embedder.EclipseLogger - Using 'UTF-8' encoding to copy filtered resources.
2023-01-30 11:52:19,780 [Worker-30: Building] INFO  o.e.m.c.i.embedder.EclipseLogger - Copying 1 resource
2023-01-30 11:52:19,793 [Worker-30: Building] INFO  o.e.m.c.i.embedder.EclipseLogger - Not copying test resources
2023-01-30 11:58:34,045 [Worker-32: Building] INFO  o.e.m.c.i.embedder.EclipseLogger - Using 'UTF-8' encoding to copy filtered resources.
2023-01-30 11:58:34,045 [Worker-32: Building] INFO  o.e.m.c.i.embedder.EclipseLogger - Copying 1 resource
2023-01-30 11:58:34,048 [Worker-32: Building] INFO  o.e.m.c.i.embedder.EclipseLogger - Not copying test resources
2023-01-30 12:02:08,170 [Worker-35: Building] INFO  o.e.m.c.i.embedder.EclipseLogger - Using 'UTF-8' encoding to copy filtered resources.
2023-01-30 12:02:08,170 [Worker-35: Building] INFO  o.e.m.c.i.embedder.EclipseLogger - Copying 1 resource
2023-01-30 12:02:08,173 [Worker-35: Building] INFO  o.e.m.c.i.embedder.EclipseLogger - Not copying test resources
2023-01-30 12:05:43,940 [Worker-3: Loading available Gradle versions] INFO  o.e.b.c.i.u.g.PublishedGradleVersions - Gradle version information cache is up-to-date. Trying to read.
2023-01-30 12:09:44,585 [Worker-14: Building] INFO  o.e.m.c.i.embedder.EclipseLogger - Using 'UTF-8' encoding to copy filtered resources.
2023-01-30 12:09:44,591 [Worker-14: Building] INFO  o.e.m.c.i.embedder.EclipseLogger - Copying 1 resource
2023-01-30 12:09:44,597 [Worker-14: Building] INFO  o.e.m.c.i.embedder.EclipseLogger - Not copying test resources
2023-01-30 12:10:39,153 [Worker-15: Building] INFO  o.e.m.c.i.embedder.EclipseLogger - Using 'UTF-8' encoding to copy filtered resources.
2023-01-30 12:10:39,159 [Worker-15: Building] INFO  o.e.m.c.i.embedder.EclipseLogger - Copying 0 resource
2023-01-30 12:10:39,162 [Worker-15: Building] INFO  o.e.m.c.i.embedder.EclipseLogger - Not copying test resources
2023-01-30 12:11:43,270 [Worker-15: Building] INFO  o.e.m.c.i.embedder.EclipseLogger - Using 'UTF-8' encoding to copy filtered resources.
2023-01-30 12:11:43,270 [Worker-15: Building] INFO  o.e.m.c.i.embedder.EclipseLogger - Copying 1 resource
2023-01-30 12:11:43,275 [Worker-15: Building] INFO  o.e.m.c.i.embedder.EclipseLogger - Not copying test resources
2023-01-30 12:13:31,962 [Worker-16: Building] INFO  o.e.m.c.i.embedder.EclipseLogger - Using 'UTF-8' encoding to copy filtered resources.
2023-01-30 12:13:31,963 [Worker-16: Building] INFO  o.e.m.c.i.embedder.EclipseLogger - Copying 1 resource
2023-01-30 12:13:31,968 [Worker-16: Building] INFO  o.e.m.c.i.embedder.EclipseLogger - Not copying test resources
2023-01-30 12:13:52,644 [Worker-14: Building] INFO  o.e.m.c.i.embedder.EclipseLogger - Using 'UTF-8' encoding to copy filtered resources.
2023-01-30 12:13:52,644 [Worker-14: Building] INFO  o.e.m.c.i.embedder.EclipseLogger - Copying 1 resource
2023-01-30 12:13:52,646 [Worker-14: Building] INFO  o.e.m.c.i.embedder.EclipseLogger - Not copying test resources
2023-01-30 12:14:41,477 [Worker-17: Building] INFO  o.e.m.c.i.embedder.EclipseLogger - Using 'UTF-8' encoding to copy filtered resources.
2023-01-30 12:14:41,477 [Worker-17: Building] INFO  o.e.m.c.i.embedder.EclipseLogger - Copying 1 resource
2023-01-30 12:14:41,480 [Worker-17: Building] INFO  o.e.m.c.i.embedder.EclipseLogger - Not copying test resources
2023-01-30 12:16:10,487 [Worker-17: Building] INFO  o.e.m.c.i.embedder.EclipseLogger - Using 'UTF-8' encoding to copy filtered resources.
2023-01-30 12:16:10,488 [Worker-17: Building] INFO  o.e.m.c.i.embedder.EclipseLogger - Copying 1 resource
2023-01-30 12:16:10,490 [Worker-17: Building] INFO  o.e.m.c.i.embedder.EclipseLogger - Not copying test resources
2023-01-30 12:19:29,771 [Worker-20: Building] INFO  o.e.m.c.i.embedder.EclipseLogger - Using 'UTF-8' encoding to copy filtered resources.
2023-01-30 12:19:29,771 [Worker-20: Building] INFO  o.e.m.c.i.embedder.EclipseLogger - Copying 1 resource
2023-01-30 12:19:29,775 [Worker-20: Building] INFO  o.e.m.c.i.embedder.EclipseLogger - Not copying test resources
2023-01-30 12:20:06,511 [Worker-15: Building] INFO  o.e.m.c.i.embedder.EclipseLogger - Using 'UTF-8' encoding to copy filtered resources.
2023-01-30 12:20:06,512 [Worker-15: Building] INFO  o.e.m.c.i.embedder.EclipseLogger - Copying 1 resource
2023-01-30 12:20:06,514 [Worker-15: Building] INFO  o.e.m.c.i.embedder.EclipseLogger - Not copying test resources
2023-01-30 12:20:48,335 [Worker-10: Building] INFO  o.e.m.c.i.embedder.EclipseLogger - Using 'UTF-8' encoding to copy filtered resources.
2023-01-30 12:20:48,336 [Worker-10: Building] INFO  o.e.m.c.i.embedder.EclipseLogger - Copying 1 resource
2023-01-30 12:20:48,339 [Worker-10: Building] INFO  o.e.m.c.i.embedder.EclipseLogger - Not copying test resources
2023-01-30 12:29:42,094 [Worker-21: Building] INFO  o.e.m.c.i.embedder.EclipseLogger - Using 'UTF-8' encoding to copy filtered resources.
2023-01-30 12:29:42,094 [Worker-21: Building] INFO  o.e.m.c.i.embedder.EclipseLogger - Copying 1 resource
2023-01-30 12:29:42,097 [Worker-21: Building] INFO  o.e.m.c.i.embedder.EclipseLogger - Not copying test resources
2023-01-30 12:49:54,310 [Worker-31: Building] INFO  o.e.m.c.i.embedder.EclipseLogger - Using 'UTF-8' encoding to copy filtered resources.
2023-01-30 12:49:54,315 [Worker-31: Building] INFO  o.e.m.c.i.embedder.EclipseLogger - Copying 2 resources
2023-01-30 12:49:54,317 [Worker-31: Building] INFO  o.e.m.c.i.embedder.EclipseLogger - Not copying test resources
2023-01-30 12:53:43,967 [Worker-36: Building] INFO  o.e.m.c.i.embedder.EclipseLogger - Using 'UTF-8' encoding to copy filtered resources.
2023-01-30 12:53:43,968 [Worker-36: Building] INFO  o.e.m.c.i.embedder.EclipseLogger - Copying 2 resources
2023-01-30 12:53:43,969 [Worker-36: Building] INFO  o.e.m.c.i.embedder.EclipseLogger - Not copying test resources
2023-01-30 12:54:47,277 [Worker-21: Building] INFO  o.e.m.c.i.embedder.EclipseLogger - Using 'UTF-8' encoding to copy filtered resources.
2023-01-30 12:54:47,278 [Worker-21: Building] INFO  o.e.m.c.i.embedder.EclipseLogger - Copying 2 resources
2023-01-30 12:54:47,280 [Worker-21: Building] INFO  o.e.m.c.i.embedder.EclipseLogger - Not copying test resources
2023-01-30 12:55:38,298 [Worker-21: Building] INFO  o.e.m.c.i.embedder.EclipseLogger - Using 'UTF-8' encoding to copy filtered resources.
2023-01-30 12:55:38,299 [Worker-21: Building] INFO  o.e.m.c.i.embedder.EclipseLogger - Copying 2 resources
2023-01-30 12:55:38,300 [Worker-21: Building] INFO  o.e.m.c.i.embedder.EclipseLogger - Not copying test resources
2023-01-30 13:43:51,827 [Worker-33: Building] INFO  o.e.m.c.i.embedder.EclipseLogger - Using 'UTF-8' encoding to copy filtered resources.
2023-01-30 13:43:51,828 [Worker-33: Building] INFO  o.e.m.c.i.embedder.EclipseLogger - Copying 1 resource
2023-01-30 13:43:51,831 [Worker-33: Building] INFO  o.e.m.c.i.embedder.EclipseLogger - Not copying test resources
2023-01-30 13:46:58,824 [Worker-43: Building] INFO  o.e.m.c.i.embedder.EclipseLogger - Using 'UTF-8' encoding to copy filtered resources.
2023-01-30 13:46:58,825 [Worker-43: Building] INFO  o.e.m.c.i.embedder.EclipseLogger - Copying 1 resource
2023-01-30 13:46:58,829 [Worker-43: Building] INFO  o.e.m.c.i.embedder.EclipseLogger - Not copying test resources
2023-01-30 14:06:02,924 [Worker-42: Building] INFO  o.e.m.c.i.embedder.EclipseLogger - Using 'UTF-8' encoding to copy filtered resources.
2023-01-30 14:06:02,924 [Worker-42: Building] INFO  o.e.m.c.i.embedder.EclipseLogger - Copying 1 resource
2023-01-30 14:06:02,927 [Worker-42: Building] INFO  o.e.m.c.i.embedder.EclipseLogger - Not copying test resources
2023-01-30 14:14:23,429 [Worker-42: Building] INFO  o.e.m.c.i.embedder.EclipseLogger - Using 'UTF-8' encoding to copy filtered resources.
2023-01-30 14:14:23,429 [Worker-42: Building] INFO  o.e.m.c.i.embedder.EclipseLogger - Copying 1 resource
2023-01-30 14:14:23,431 [Worker-42: Building] INFO  o.e.m.c.i.embedder.EclipseLogger - Not copying test resources
2023-01-30 14:17:58,011 [Worker-53: Building] INFO  o.e.m.c.i.embedder.EclipseLogger - Using 'UTF-8' encoding to copy filtered resources.
2023-01-30 14:17:58,012 [Worker-53: Building] INFO  o.e.m.c.i.embedder.EclipseLogger - Copying 1 resource
2023-01-30 14:17:58,014 [Worker-53: Building] INFO  o.e.m.c.i.embedder.EclipseLogger - Not copying test resources
2023-01-30 14:48:36,798 [Worker-58: Building] INFO  o.e.m.c.i.embedder.EclipseLogger - Using 'UTF-8' encoding to copy filtered resources.
2023-01-30 14:48:36,799 [Worker-58: Building] INFO  o.e.m.c.i.embedder.EclipseLogger - Copying 1 resource
2023-01-30 14:48:36,804 [Worker-58: Building] INFO  o.e.m.c.i.embedder.EclipseLogger - Not copying test resources
2023-01-30 14:51:44,725 [Worker-67: Building] INFO  o.e.m.c.i.embedder.EclipseLogger - Using 'UTF-8' encoding to copy filtered resources.
2023-01-30 14:51:44,725 [Worker-67: Building] INFO  o.e.m.c.i.embedder.EclipseLogger - Copying 1 resource
2023-01-30 14:51:44,728 [Worker-67: Building] INFO  o.e.m.c.i.embedder.EclipseLogger - Not copying test resources
2023-01-30 14:52:16,652 [Worker-66: Building] INFO  o.e.m.c.i.embedder.EclipseLogger - Using 'UTF-8' encoding to copy filtered resources.
2023-01-30 14:52:16,652 [Worker-66: Building] INFO  o.e.m.c.i.embedder.EclipseLogger - Copying 1 resource
2023-01-30 14:52:16,654 [Worker-66: Building] INFO  o.e.m.c.i.embedder.EclipseLogger - Not copying test resources
2023-01-30 14:56:13,434 [Worker-58: Building] INFO  o.e.m.c.i.embedder.EclipseLogger - Using 'UTF-8' encoding to copy filtered resources.
2023-01-30 14:56:13,435 [Worker-58: Building] INFO  o.e.m.c.i.embedder.EclipseLogger - Copying 1 resource
2023-01-30 14:56:13,439 [Worker-58: Building] INFO  o.e.m.c.i.embedder.EclipseLogger - Not copying test resources
2023-01-30 14:57:07,018 [Worker-68: Building] INFO  o.e.m.c.i.embedder.EclipseLogger - Using 'UTF-8' encoding to copy filtered resources.
2023-01-30 14:57:07,018 [Worker-68: Building] INFO  o.e.m.c.i.embedder.EclipseLogger - Copying 1 resource
2023-01-30 14:57:07,021 [Worker-68: Building] INFO  o.e.m.c.i.embedder.EclipseLogger - Not copying test resources
2023-01-30 15:01:47,392 [Worker-77: Building] INFO  o.e.m.c.i.embedder.EclipseLogger - Using 'UTF-8' encoding to copy filtered resources.
2023-01-30 15:01:47,392 [Worker-77: Building] INFO  o.e.m.c.i.embedder.EclipseLogger - Copying 1 resource
2023-01-30 15:01:47,396 [Worker-77: Building] INFO  o.e.m.c.i.embedder.EclipseLogger - Not copying test resources
2023-01-30 15:05:34,460 [Worker-81: Building] INFO  o.e.m.c.i.embedder.EclipseLogger - Using 'UTF-8' encoding to copy filtered resources.
2023-01-30 15:05:34,461 [Worker-81: Building] INFO  o.e.m.c.i.embedder.EclipseLogger - Copying 1 resource
2023-01-30 15:05:34,463 [Worker-81: Building] INFO  o.e.m.c.i.embedder.EclipseLogger - Not copying test resources
2023-01-30 15:10:23,848 [Worker-82: Building] INFO  o.e.m.c.i.embedder.EclipseLogger - Using 'UTF-8' encoding to copy filtered resources.
2023-01-30 15:10:23,849 [Worker-82: Building] INFO  o.e.m.c.i.embedder.EclipseLogger - Copying 1 resource
2023-01-30 15:10:23,856 [Worker-82: Building] INFO  o.e.m.c.i.embedder.EclipseLogger - Not copying test resources
2023-01-30 15:10:49,051 [Worker-83: Building] INFO  o.e.m.c.i.embedder.EclipseLogger - Using 'UTF-8' encoding to copy filtered resources.
2023-01-30 15:10:49,051 [Worker-83: Building] INFO  o.e.m.c.i.embedder.EclipseLogger - Copying 1 resource
2023-01-30 15:10:49,053 [Worker-83: Building] INFO  o.e.m.c.i.embedder.EclipseLogger - Not copying test resources
2023-01-30 15:12:39,840 [Worker-86: Building] INFO  o.e.m.c.i.embedder.EclipseLogger - Using 'UTF-8' encoding to copy filtered resources.
2023-01-30 15:12:39,841 [Worker-86: Building] INFO  o.e.m.c.i.embedder.EclipseLogger - Copying 1 resource
2023-01-30 15:12:39,844 [Worker-86: Building] INFO  o.e.m.c.i.embedder.EclipseLogger - Not copying test resources
2023-01-30 15:16:56,412 [Worker-78: Building] INFO  o.e.m.c.i.embedder.EclipseLogger - Using 'UTF-8' encoding to copy filtered resources.
2023-01-30 15:16:56,412 [Worker-78: Building] INFO  o.e.m.c.i.embedder.EclipseLogger - Copying 1 resource
2023-01-30 15:16:56,415 [Worker-78: Building] INFO  o.e.m.c.i.embedder.EclipseLogger - Not copying test resources
2023-01-30 15:18:49,430 [Worker-90: Building] INFO  o.e.m.c.i.embedder.EclipseLogger - Using 'UTF-8' encoding to copy filtered resources.
2023-01-30 15:18:49,430 [Worker-90: Building] INFO  o.e.m.c.i.embedder.EclipseLogger - Copying 1 resource
2023-01-30 15:18:49,433 [Worker-90: Building] INFO  o.e.m.c.i.embedder.EclipseLogger - Not copying test resources
2023-01-30 15:23:53,732 [Worker-82: Building] INFO  o.e.m.c.i.embedder.EclipseLogger - Using 'UTF-8' encoding to copy filtered resources.
2023-01-30 15:23:53,732 [Worker-82: Building] INFO  o.e.m.c.i.embedder.EclipseLogger - Copying 1 resource
2023-01-30 15:23:53,734 [Worker-82: Building] INFO  o.e.m.c.i.embedder.EclipseLogger - Not copying test resources
2023-01-30 15:28:22,822 [Worker-92: Building] INFO  o.e.m.c.i.embedder.EclipseLogger - Using 'UTF-8' encoding to copy filtered resources.
2023-01-30 15:28:22,823 [Worker-92: Building] INFO  o.e.m.c.i.embedder.EclipseLogger - Copying 1 resource
2023-01-30 15:28:22,825 [Worker-92: Building] INFO  o.e.m.c.i.embedder.EclipseLogger - Not copying test resources
2023-01-30 15:28:45,160 [Worker-96: Building] INFO  o.e.m.c.i.embedder.EclipseLogger - Using 'UTF-8' encoding to copy filtered resources.
2023-01-30 15:28:45,160 [Worker-96: Building] INFO  o.e.m.c.i.embedder.EclipseLogger - Copying 1 resource
2023-01-30 15:28:45,162 [Worker-96: Building] INFO  o.e.m.c.i.embedder.EclipseLogger - Not copying test resources
2023-01-30 15:29:01,381 [Worker-89: Building] INFO  o.e.m.c.i.embedder.EclipseLogger - Using 'UTF-8' encoding to copy filtered resources.
2023-01-30 15:29:01,382 [Worker-89: Building] INFO  o.e.m.c.i.embedder.EclipseLogger - Copying 1 resource
2023-01-30 15:29:01,383 [Worker-89: Building] INFO  o.e.m.c.i.embedder.EclipseLogger - Not copying test resources
2023-01-30 15:36:13,952 [Worker-89: Building] INFO  o.e.m.c.i.embedder.EclipseLogger - Using 'UTF-8' encoding to copy filtered resources.
2023-01-30 15:36:13,953 [Worker-89: Building] INFO  o.e.m.c.i.embedder.EclipseLogger - Copying 1 resource
2023-01-30 15:36:13,955 [Worker-89: Building] INFO  o.e.m.c.i.embedder.EclipseLogger - Not copying test resources
2023-01-30 15:41:23,369 [Worker-92: Building] INFO  o.e.m.c.i.embedder.EclipseLogger - Using 'UTF-8' encoding to copy filtered resources.
2023-01-30 15:41:23,369 [Worker-92: Building] INFO  o.e.m.c.i.embedder.EclipseLogger - Copying 2 resources
2023-01-30 15:41:23,389 [Worker-92: Building] INFO  o.e.m.c.i.embedder.EclipseLogger - Not copying test resources
2023-01-30 15:47:42,559 [Worker-92: Building] INFO  o.e.m.c.i.embedder.EclipseLogger - Using 'UTF-8' encoding to copy filtered resources.
2023-01-30 15:47:42,559 [Worker-92: Building] INFO  o.e.m.c.i.embedder.EclipseLogger - Copying 1 resource
2023-01-30 15:47:42,562 [Worker-92: Building] INFO  o.e.m.c.i.embedder.EclipseLogger - Not copying test resources
2023-01-30 15:48:12,911 [Worker-106: Building] INFO  o.e.m.c.i.embedder.EclipseLogger - Using 'UTF-8' encoding to copy filtered resources.
2023-01-30 15:48:12,911 [Worker-106: Building] INFO  o.e.m.c.i.embedder.EclipseLogger - Copying 1 resource
2023-01-30 15:48:12,915 [Worker-106: Building] INFO  o.e.m.c.i.embedder.EclipseLogger - Not copying test resources
2023-01-31 10:10:47,804 [Worker-6: Loading available Gradle versions] INFO  o.e.b.c.i.u.g.PublishedGradleVersions - Gradle version information cache is up-to-date. Trying to read.
2023-01-31 14:16:06,179 [Worker-38: Building] INFO  o.e.m.c.i.embedder.EclipseLogger - Using 'UTF-8' encoding to copy filtered resources.
2023-01-31 14:16:06,217 [Worker-38: Building] INFO  o.e.m.c.i.embedder.EclipseLogger - Copying 2 resources
2023-01-31 14:16:06,249 [Worker-38: Building] INFO  o.e.m.c.i.embedder.EclipseLogger - Not copying test resources
2023-01-31 14:20:28,341 [Worker-36: Building] INFO  o.e.m.c.i.embedder.EclipseLogger - Using 'UTF-8' encoding to copy filtered resources.
2023-01-31 14:20:28,344 [Worker-36: Building] INFO  o.e.m.c.i.embedder.EclipseLogger - Copying 1 resource
2023-01-31 14:20:28,348 [Worker-36: Building] INFO  o.e.m.c.i.embedder.EclipseLogger - Not copying test resources
2023-01-31 14:35:12,013 [Worker-44: Building] INFO  o.e.m.c.i.embedder.EclipseLogger - Using 'UTF-8' encoding to copy filtered resources.
2023-01-31 14:35:12,013 [Worker-44: Building] INFO  o.e.m.c.i.embedder.EclipseLogger - Copying 1 resource
2023-01-31 14:35:12,017 [Worker-44: Building] INFO  o.e.m.c.i.embedder.EclipseLogger - Not copying test resources
2023-01-31 14:44:19,337 [Worker-45: Building] INFO  o.e.m.c.i.embedder.EclipseLogger - Using 'UTF-8' encoding to copy filtered resources.
2023-01-31 14:44:19,337 [Worker-45: Building] INFO  o.e.m.c.i.embedder.EclipseLogger - Copying 1 resource
2023-01-31 14:44:19,341 [Worker-45: Building] INFO  o.e.m.c.i.embedder.EclipseLogger - Not copying test resources
2023-01-31 14:50:00,172 [Worker-44: Building] INFO  o.e.m.c.i.embedder.EclipseLogger - Using 'UTF-8' encoding to copy filtered resources.
2023-01-31 14:50:00,173 [Worker-44: Building] INFO  o.e.m.c.i.embedder.EclipseLogger - Copying 1 resource
2023-01-31 14:50:00,177 [Worker-44: Building] INFO  o.e.m.c.i.embedder.EclipseLogger - Not copying test resources
2023-01-31 14:52:32,452 [Worker-46: Building] INFO  o.e.m.c.i.embedder.EclipseLogger - Using 'UTF-8' encoding to copy filtered resources.
2023-01-31 14:52:32,453 [Worker-46: Building] INFO  o.e.m.c.i.embedder.EclipseLogger - Copying 1 resource
2023-01-31 14:52:32,455 [Worker-46: Building] INFO  o.e.m.c.i.embedder.EclipseLogger - Not copying test resources
2023-01-31 14:53:23,522 [Worker-52: Building] INFO  o.e.m.c.i.embedder.EclipseLogger - Using 'UTF-8' encoding to copy filtered resources.
2023-01-31 14:53:23,523 [Worker-52: Building] INFO  o.e.m.c.i.embedder.EclipseLogger - Copying 1 resource
2023-01-31 14:53:23,526 [Worker-52: Building] INFO  o.e.m.c.i.embedder.EclipseLogger - Not copying test resources
2023-01-31 14:55:16,986 [Worker-46: Building] INFO  o.e.m.c.i.embedder.EclipseLogger - Using 'UTF-8' encoding to copy filtered resources.
2023-01-31 14:55:16,986 [Worker-46: Building] INFO  o.e.m.c.i.embedder.EclipseLogger - Copying 1 resource
2023-01-31 14:55:16,991 [Worker-46: Building] INFO  o.e.m.c.i.embedder.EclipseLogger - Not copying test resources
2023-01-31 14:56:31,771 [Worker-46: Building] INFO  o.e.m.c.i.embedder.EclipseLogger - Using 'UTF-8' encoding to copy filtered resources.
2023-01-31 14:56:31,772 [Worker-46: Building] INFO  o.e.m.c.i.embedder.EclipseLogger - Copying 1 resource
2023-01-31 14:56:31,776 [Worker-46: Building] INFO  o.e.m.c.i.embedder.EclipseLogger - Not copying test resources
2023-01-31 14:57:46,825 [Worker-45: Building] INFO  o.e.m.c.i.embedder.EclipseLogger - Using 'UTF-8' encoding to copy filtered resources.
2023-01-31 14:57:46,825 [Worker-45: Building] INFO  o.e.m.c.i.embedder.EclipseLogger - Copying 1 resource
2023-01-31 14:57:46,828 [Worker-45: Building] INFO  o.e.m.c.i.embedder.EclipseLogger - Not copying test resources
2023-01-31 15:00:09,838 [Worker-55: Building] INFO  o.e.m.c.i.embedder.EclipseLogger - Using 'UTF-8' encoding to copy filtered resources.
2023-01-31 15:00:09,839 [Worker-55: Building] INFO  o.e.m.c.i.embedder.EclipseLogger - Copying 1 resource
2023-01-31 15:00:09,842 [Worker-55: Building] INFO  o.e.m.c.i.embedder.EclipseLogger - Not copying test resources
2023-01-31 15:01:16,598 [Worker-54: Building] INFO  o.e.m.c.i.embedder.EclipseLogger - Using 'UTF-8' encoding to copy filtered resources.
2023-01-31 15:01:16,598 [Worker-54: Building] INFO  o.e.m.c.i.embedder.EclipseLogger - Copying 1 resource
2023-01-31 15:01:16,602 [Worker-54: Building] INFO  o.e.m.c.i.embedder.EclipseLogger - Not copying test resources
2023-01-31 15:03:54,515 [Worker-46: Building] INFO  o.e.m.c.i.embedder.EclipseLogger - Using 'UTF-8' encoding to copy filtered resources.
2023-01-31 15:03:54,515 [Worker-46: Building] INFO  o.e.m.c.i.embedder.EclipseLogger - Copying 1 resource
2023-01-31 15:03:54,518 [Worker-46: Building] INFO  o.e.m.c.i.embedder.EclipseLogger - Not copying test resources
2023-01-31 15:10:07,337 [Worker-61: Building] INFO  o.e.m.c.i.embedder.EclipseLogger - Using 'UTF-8' encoding to copy filtered resources.
2023-01-31 15:10:07,337 [Worker-61: Building] INFO  o.e.m.c.i.embedder.EclipseLogger - Copying 1 resource
2023-01-31 15:10:07,341 [Worker-61: Building] INFO  o.e.m.c.i.embedder.EclipseLogger - Not copying test resources
2023-01-31 15:26:28,468 [Worker-61: Building] INFO  o.e.m.c.i.embedder.EclipseLogger - Using 'UTF-8' encoding to copy filtered resources.
2023-01-31 15:26:28,469 [Worker-61: Building] INFO  o.e.m.c.i.embedder.EclipseLogger - Copying 1 resource
2023-01-31 15:26:28,471 [Worker-61: Building] INFO  o.e.m.c.i.embedder.EclipseLogger - Not copying test resources
2023-01-31 15:29:11,963 [Worker-66: Building] INFO  o.e.m.c.i.embedder.EclipseLogger - Using 'UTF-8' encoding to copy filtered resources.
2023-01-31 15:29:11,964 [Worker-66: Building] INFO  o.e.m.c.i.embedder.EclipseLogger - Copying 1 resource
2023-01-31 15:29:11,988 [Worker-66: Building] INFO  o.e.m.c.i.embedder.EclipseLogger - Not copying test resources
2023-01-31 15:38:35,215 [Worker-70: Building] INFO  o.e.m.c.i.embedder.EclipseLogger - Using 'UTF-8' encoding to copy filtered resources.
2023-01-31 15:38:35,215 [Worker-70: Building] INFO  o.e.m.c.i.embedder.EclipseLogger - Copying 1 resource
2023-01-31 15:38:35,218 [Worker-70: Building] INFO  o.e.m.c.i.embedder.EclipseLogger - Not copying test resources
2023-01-31 15:41:01,420 [Worker-66: Building] INFO  o.e.m.c.i.embedder.EclipseLogger - Using 'UTF-8' encoding to copy filtered resources.
2023-01-31 15:41:01,420 [Worker-66: Building] INFO  o.e.m.c.i.embedder.EclipseLogger - Copying 1 resource
2023-01-31 15:41:01,423 [Worker-66: Building] INFO  o.e.m.c.i.embedder.EclipseLogger - Not copying test resources
2023-01-31 15:55:27,884 [Worker-78: Building] INFO  o.e.m.c.i.embedder.EclipseLogger - Using 'UTF-8' encoding to copy filtered resources.
2023-01-31 15:55:27,884 [Worker-78: Building] INFO  o.e.m.c.i.embedder.EclipseLogger - Copying 1 resource
2023-01-31 15:55:27,886 [Worker-78: Building] INFO  o.e.m.c.i.embedder.EclipseLogger - Not copying test resources
2023-01-31 15:59:06,580 [Worker-81: Building] INFO  o.e.m.c.i.embedder.EclipseLogger - Using 'UTF-8' encoding to copy filtered resources.
2023-01-31 15:59:06,580 [Worker-81: Building] INFO  o.e.m.c.i.embedder.EclipseLogger - Copying 1 resource
2023-01-31 15:59:06,583 [Worker-81: Building] INFO  o.e.m.c.i.embedder.EclipseLogger - Not copying test resources
2023-01-31 17:03:40,530 [Worker-84: Building] INFO  o.e.m.c.i.embedder.EclipseLogger - Using 'UTF-8' encoding to copy filtered resources.
2023-01-31 17:03:40,859 [Worker-84: Building] INFO  o.e.m.c.i.embedder.EclipseLogger - Copying 2 resources
2023-01-31 17:03:40,861 [Worker-84: Building] INFO  o.e.m.c.i.embedder.EclipseLogger - Not copying test resources
2023-01-31 17:03:41,005 [Worker-86: Building] INFO  o.e.m.c.i.embedder.EclipseLogger - Using 'UTF-8' encoding to copy filtered resources.
2023-01-31 17:03:41,006 [Worker-86: Building] INFO  o.e.m.c.i.embedder.EclipseLogger - Copying 2 resources
2023-01-31 17:03:41,007 [Worker-86: Building] INFO  o.e.m.c.i.embedder.EclipseLogger - Not copying test resources
2023-02-01 09:59:47,399 [Worker-5: Loading available Gradle versions] INFO  o.e.b.c.i.u.g.PublishedGradleVersions - Gradle version information cache is out-of-date. Trying to update.
2023-02-01 10:10:19,848 [Worker-15: Building] INFO  o.e.m.c.i.embedder.EclipseLogger - Using 'UTF-8' encoding to copy filtered resources.
2023-02-01 10:10:19,879 [Worker-15: Building] INFO  o.e.m.c.i.embedder.EclipseLogger - Copying 2 resources
2023-02-01 10:10:19,891 [Worker-15: Building] INFO  o.e.m.c.i.embedder.EclipseLogger - Not copying test resources
2023-02-01 10:20:49,957 [Worker-20: Building] INFO  o.e.m.c.i.embedder.EclipseLogger - Using 'UTF-8' encoding to copy filtered resources.
2023-02-01 10:20:49,960 [Worker-20: Building] INFO  o.e.m.c.i.embedder.EclipseLogger - Copying 1 resource
2023-02-01 10:20:49,964 [Worker-20: Building] INFO  o.e.m.c.i.embedder.EclipseLogger - Not copying test resources
2023-02-01 10:23:54,642 [Worker-19: Building] INFO  o.e.m.c.i.embedder.EclipseLogger - Using 'UTF-8' encoding to copy filtered resources.
2023-02-01 10:23:54,642 [Worker-19: Building] INFO  o.e.m.c.i.embedder.EclipseLogger - Copying 1 resource
2023-02-01 10:23:54,646 [Worker-19: Building] INFO  o.e.m.c.i.embedder.EclipseLogger - Not copying test resources
2023-02-01 10:29:42,826 [Worker-20: Building] INFO  o.e.m.c.i.embedder.EclipseLogger - Using 'UTF-8' encoding to copy filtered resources.
2023-02-01 10:29:42,833 [Worker-20: Building] INFO  o.e.m.c.i.embedder.EclipseLogger - Copying 2 resources
2023-02-01 10:29:42,835 [Worker-20: Building] INFO  o.e.m.c.i.embedder.EclipseLogger - Not copying test resources
2023-02-01 10:34:52,993 [Worker-22: Building] INFO  o.e.m.c.i.embedder.EclipseLogger - Using 'UTF-8' encoding to copy filtered resources.
2023-02-01 10:34:52,994 [Worker-22: Building] INFO  o.e.m.c.i.embedder.EclipseLogger - Copying 1 resource
2023-02-01 10:34:52,997 [Worker-22: Building] INFO  o.e.m.c.i.embedder.EclipseLogger - Not copying test resources
2023-02-01 10:41:18,977 [Worker-28: Building] INFO  o.e.m.c.i.embedder.EclipseLogger - Using 'UTF-8' encoding to copy filtered resources.
2023-02-01 10:41:18,978 [Worker-28: Building] INFO  o.e.m.c.i.embedder.EclipseLogger - Copying 1 resource
2023-02-01 10:41:18,981 [Worker-28: Building] INFO  o.e.m.c.i.embedder.EclipseLogger - Not copying test resources
2023-02-01 10:43:22,263 [Worker-24: Building] INFO  o.e.m.c.i.embedder.EclipseLogger - Using 'UTF-8' encoding to copy filtered resources.
2023-02-01 10:43:22,264 [Worker-24: Building] INFO  o.e.m.c.i.embedder.EclipseLogger - Copying 1 resource
2023-02-01 10:43:22,267 [Worker-24: Building] INFO  o.e.m.c.i.embedder.EclipseLogger - Not copying test resources
2023-02-01 10:56:20,166 [Worker-24: Building] INFO  o.e.m.c.i.embedder.EclipseLogger - Using 'UTF-8' encoding to copy filtered resources.
2023-02-01 10:56:20,167 [Worker-24: Building] INFO  o.e.m.c.i.embedder.EclipseLogger - Copying 1 resource
2023-02-01 10:56:20,172 [Worker-24: Building] INFO  o.e.m.c.i.embedder.EclipseLogger - Not copying test resources
2023-02-01 14:28:07,128 [Worker-51: Building] INFO  o.e.m.c.i.embedder.EclipseLogger - Using 'UTF-8' encoding to copy filtered resources.
2023-02-01 14:28:07,128 [Worker-51: Building] INFO  o.e.m.c.i.embedder.EclipseLogger - Copying 1 resource
2023-02-01 14:28:07,131 [Worker-51: Building] INFO  o.e.m.c.i.embedder.EclipseLogger - Not copying test resources
2023-02-01 14:30:00,089 [Worker-31: Building] INFO  o.e.m.c.i.embedder.EclipseLogger - Using 'UTF-8' encoding to copy filtered resources.
2023-02-01 14:30:00,089 [Worker-31: Building] INFO  o.e.m.c.i.embedder.EclipseLogger - Copying 1 resource
2023-02-01 14:30:00,092 [Worker-31: Building] INFO  o.e.m.c.i.embedder.EclipseLogger - Not copying test resources
2023-02-01 14:33:07,014 [Worker-51: Building] INFO  o.e.m.c.i.embedder.EclipseLogger - Using 'UTF-8' encoding to copy filtered resources.
2023-02-01 14:33:07,015 [Worker-51: Building] INFO  o.e.m.c.i.embedder.EclipseLogger - Copying 1 resource
2023-02-01 14:33:07,020 [Worker-51: Building] INFO  o.e.m.c.i.embedder.EclipseLogger - Not copying test resources
2023-02-01 14:42:54,108 [Worker-59: Building] INFO  o.e.m.c.i.embedder.EclipseLogger - Using 'UTF-8' encoding to copy filtered resources.
2023-02-01 14:42:54,109 [Worker-59: Building] INFO  o.e.m.c.i.embedder.EclipseLogger - Copying 1 resource
2023-02-01 14:42:54,111 [Worker-59: Building] INFO  o.e.m.c.i.embedder.EclipseLogger - Not copying test resources
2023-02-01 14:45:25,742 [Worker-61: Building] INFO  o.e.m.c.i.embedder.EclipseLogger - Using 'UTF-8' encoding to copy filtered resources.
2023-02-01 14:45:25,743 [Worker-61: Building] INFO  o.e.m.c.i.embedder.EclipseLogger - Copying 1 resource
2023-02-01 14:45:25,745 [Worker-61: Building] INFO  o.e.m.c.i.embedder.EclipseLogger - Not copying test resources
2023-02-01 14:46:40,417 [Worker-59: Building] INFO  o.e.m.c.i.embedder.EclipseLogger - Using 'UTF-8' encoding to copy filtered resources.
2023-02-01 14:46:40,418 [Worker-59: Building] INFO  o.e.m.c.i.embedder.EclipseLogger - Copying 1 resource
2023-02-01 14:46:40,421 [Worker-59: Building] INFO  o.e.m.c.i.embedder.EclipseLogger - Not copying test resources
2023-02-01 14:47:37,060 [Worker-57: Building] INFO  o.e.m.c.i.embedder.EclipseLogger - Using 'UTF-8' encoding to copy filtered resources.
2023-02-01 14:47:37,060 [Worker-57: Building] INFO  o.e.m.c.i.embedder.EclipseLogger - Copying 1 resource
2023-02-01 14:47:37,063 [Worker-57: Building] INFO  o.e.m.c.i.embedder.EclipseLogger - Not copying test resources
2023-02-01 14:48:40,463 [Worker-60: Building] INFO  o.e.m.c.i.embedder.EclipseLogger - Using 'UTF-8' encoding to copy filtered resources.
2023-02-01 14:48:40,463 [Worker-60: Building] INFO  o.e.m.c.i.embedder.EclipseLogger - Copying 1 resource
2023-02-01 14:48:40,467 [Worker-60: Building] INFO  o.e.m.c.i.embedder.EclipseLogger - Not copying test resources
2023-02-01 16:21:56,159 [Worker-73: Building] INFO  o.e.m.c.i.embedder.EclipseLogger - Using 'UTF-8' encoding to copy filtered resources.
2023-02-01 16:21:56,159 [Worker-73: Building] INFO  o.e.m.c.i.embedder.EclipseLogger - Copying 0 resource
2023-02-01 16:21:56,160 [Worker-73: Building] INFO  o.e.m.c.i.embedder.EclipseLogger - Not copying test resources
2023-02-01 16:23:00,383 [Worker-71: Building] INFO  o.e.m.c.i.embedder.EclipseLogger - Using 'UTF-8' encoding to copy filtered resources.
2023-02-01 16:23:00,383 [Worker-71: Building] INFO  o.e.m.c.i.embedder.EclipseLogger - Copying 0 resource
2023-02-01 16:23:00,384 [Worker-71: Building] INFO  o.e.m.c.i.embedder.EclipseLogger - Not copying test resources
2023-02-01 19:19:14,087 [Worker-86: Building] INFO  o.e.m.c.i.embedder.EclipseLogger - Using 'UTF-8' encoding to copy filtered resources.
2023-02-01 19:19:14,088 [Worker-86: Building] INFO  o.e.m.c.i.embedder.EclipseLogger - Copying 0 resource
2023-02-01 19:19:14,089 [Worker-86: Building] INFO  o.e.m.c.i.embedder.EclipseLogger - Not copying test resources
